"../../../Engine/Content/EditorResources/S_Actor.uasset" 0
"../../../Engine/Content/EngineResources/AICON-Red.uasset" 1
"../../../Engine/Content/EngineResources/AICON-Green.uasset" 2
"../../../Engine/Content/EngineFonts/Roboto.uasset" 3
"../../../Engine/Content/Functions/Engine_MaterialFunctions01/Shading/PowerToRoughness.uasset" 4
"../../../Engine/Content/Functions/Engine_MaterialFunctions01/Shading/ConvertFromDiffSpec.uasset" 5
"../../../Engine/Content/EngineMaterials/DefaultDiffuse.uasset" 6
"../../../Engine/Content/EngineMaterials/DefaultDeferredDecalMaterial.uasset" 7
"../../../Engine/Content/EngineMaterials/DefaultLightFunctionMaterial.uasset" 8
"../../../Engine/Content/Functions/Engine_MaterialFunctions02/Utility/BreakOutFloat2Components.uasset" 9
"../../../Engine/Content/EngineMaterials/DefaultPostProcessMaterial.uasset" 10
"../../../Engine/Content/EngineResources/DefaultTexture.uasset" 11
"../../../Engine/Content/Functions/Engine_MaterialFunctions01/Texturing/ScaleUVsByCenter.uasset" 12
"../../../Engine/Content/Functions/Engine_MaterialFunctions02/ScreenResolution.uasset" 13
"../../../Engine/Content/Functions/Engine_MaterialFunctions02/Texturing/ScreenAlignedUVs.uasset" 14
"../../../Engine/Content/EngineResources/WhiteSquareTexture.uasset" 15
"../../../Engine/Content/EngineMaterials/Widget3DPassThrough.uasset" 16
"../../../Engine/Content/EngineMaterials/Widget3DPassThrough_Translucent.uasset" 17
"../../../Engine/Content/EngineMaterials/Widget3DPassThrough_Translucent_OneSided.uasset" 18
"../../../Engine/Content/EngineMaterials/Widget3DPassThrough_Opaque.uasset" 19
"../../../Engine/Content/EngineMaterials/Widget3DPassThrough_Opaque_OneSided.uasset" 20
"../../../Engine/Content/EngineMaterials/Widget3DPassThrough_Masked.uasset" 21
"../../../Engine/Content/EngineMaterials/Widget3DPassThrough_Masked_OneSided.uasset" 22
"../../../Engine/Content/Maps/Templates/Thumbnails/Default.uasset" 23
"../../../Engine/Content/Maps/Templates/Thumbnails/VR-Basic.uasset" 24
"../../../Engine/Content/EditorMaterials/ParticleSystems/PSysThumbnail_NoImage.uasset" 25
"../../../Engine/Content/EditorMaterials/ParticleSystems/PSysThumbnail_OOD.uasset" 26
"../../../Engine/Content/EditorLandscapeResources/DataLayer.uasset" 27
"../../../Engine/Content/EngineDamageTypes/DmgTypeBP_Environmental.uasset" 28
"../../../Engine/Content/EngineMeshes/Sphere.uasset" 29
"../../../Engine/Content/EngineFonts/RobotoDistanceField.uasset" 30
"../../../Engine/Content/EngineMaterials/DefaultTextMaterialOpaque.uasset" 31
"../../../Engine/Content/EditorResources/S_Trigger.uasset" 32
"../../../Engine/Content/EngineResources/GradientTexture0.uasset" 33
"../../../Engine/Content/EngineResources/Black.uasset" 34
"../../../Engine/Content/EditorMaterials/MatineeGroups/MAT_Groups_Float.uasset" 35
"../../../Engine/Content/EditorMaterials/MatineeGroups/MAT_Groups_Director.uasset" 36
"../../../Engine/Content/EditorMaterials/MatineeGroups/MAT_Groups_Event.uasset" 37
"../../../Engine/Content/EditorMaterials/MatineeGroups/MAT_Groups_Anim.uasset" 38
"../../../Engine/Content/EditorMaterials/MatineeGroups/MAT_Groups_Fade.uasset" 39
"../../../Engine/Content/EditorMaterials/MatineeGroups/MAT_Groups_Move.uasset" 40
"../../../Engine/Content/EditorMaterials/MatineeGroups/MAT_Groups_Slomo.uasset" 41
"../../../Engine/Content/EditorMaterials/MatineeGroups/MAT_ColorTrack.uasset" 42
"../../../Engine/Content/EditorMaterials/MAT_Groups_Toggle.uasset" 43
"../../../Engine/Content/EditorMaterials/MatineeGroups/MAT_Groups_AudioMaster.uasset" 44
"../../../Engine/Content/EditorMaterials/MatineeGroups/MAT_Groups_Sound.uasset" 45
"../../../Engine/Content/EditorMaterials/MatineeGroups/MAT_Groups_Vector.uasset" 46
"../../../Engine/Content/EditorMaterials/MAT_Groups_Visibility.uasset" 47
"../../../Engine/Content/EngineResources/DefaultTextureCube.uasset" 48
"../../../Engine/Content/Functions/Engine_MaterialFunctions01/Opacity/CameraDepthFade.uasset" 49
"../../../Engine/Content/EngineMaterials/T_Default_Material_Grid_M.uasset" 50
"../../../Engine/Content/EngineMaterials/T_Default_Material_Grid_N.uasset" 51
"../../../Engine/Content/EngineMaterials/DefaultMaterial.uasset" 52
"../../../Engine/Content/EngineMeshes/Cylinder.uasset" 53
"../../../Engine/Content/EngineTireTypes/DefaultTireType.uasset" 54
"../../../Engine/Content/EditorMaterials/Camera/CineMat.uasset" 55
"../../../Engine/Content/EditorMaterials/Camera/MI_CineMat_Rig.uasset" 56
"../../../Engine/Content/EditorMeshes/Camera/SM_CraneRig_Base.uasset" 57
"../../../Engine/Content/EditorMeshes/Camera/SM_CraneRig_Arm.uasset" 58
"../../../Engine/Content/EditorMeshes/Camera/SM_CraneRig_Mount.uasset" 59
"../../../Engine/Content/EditorMeshes/Camera/SM_CraneRig_Body.uasset" 60
"../../../Engine/Content/EditorMeshes/Camera/SM_RailRig_Track.uasset" 61
"../../../Engine/Content/EditorMeshes/Camera/SM_RailRig_Mount.uasset" 62
"../../../Engine/Content/VREditor/LaserPointer/VR_LaserPower_01.uasset" 63
"../../../Engine/Content/VREditor/TransformGizmo/TransformGizmoMaterial.uasset" 64
"../../../Engine/Content/VREditor/TransformGizmo/TranslucentTransformGizmoMaterial.uasset" 65
"../../../Engine/Content/VREditor/TransformGizmo/TranslationHandle.uasset" 66
"../../../Engine/Content/VREditor/TransformGizmo/PlaneTranslationHandle.uasset" 67
"../../../Engine/Content/VREditor/TransformGizmo/RotationHandle.uasset" 68
"../../../Engine/Content/VREditor/TransformGizmo/StretchingHandle.uasset" 69
"../../../Engine/Content/VREditor/TransformGizmo/BoundingBoxCorner.uasset" 70
"../../../Engine/Content/VREditor/TransformGizmo/BoundingBoxEdge.uasset" 71
"../../../Engine/Content/VREditor/TransformGizmo/UniformScaleHandle.uasset" 72
"../../../Engine/Content/VREditor/FloatingText/LineMaterial.uasset" 73
"../../../Engine/Content/VREditor/FloatingText/LineSegmentCylinder.uasset" 74
"../../../Engine/Content/VREditor/FloatingText/JointSphere.uasset" 75
"../../../Engine/Content/VREditor/Fonts/VRText_RobotoLarge.uasset" 76
"../../../Engine/Content/VREditor/Fonts/VRTextMaterial.uasset" 77
"../../../Engine/Content/VREditor/Fonts/TranslucentVRTextMaterial.uasset" 78
"../../../Engine/Content/VREditor/UI/SelectionBarMesh.uasset" 79
"../../../Engine/Content/VREditor/UI/CloseButtonMesh.uasset" 80
"../../../Engine/Content/Tutorial/Basics/TutorialAssets/icon_tab_Levels_40x.uasset" 81
"../../../Engine/Content/Tutorial/Mobile/TutorialAssets/android_Icon.uasset" 82
"../../../Engine/Content/Tutorial/BlueprintTutorials/TutorialAssets/Blueprint_64x.uasset" 83
"../../../Engine/Content/Tutorial/SubEditors/TutorialAssets/icon_ShowSkeletalMeshes_40x.uasset" 84
"../../../Engine/Content/Tutorial/ContentIntroCurve.uasset" 85
"../../../Engine/Plugins/2D/Paper2D/Content/PlaceholderTextures/DummySpriteTexture.uasset" 86
"../../../Engine/Plugins/2D/Paper2D/Content/DefaultSpriteMaterial.uasset" 87
"../../../Engine/Plugins/2D/Paper2D/Content/MaskedUnlitSpriteMaterial.uasset" 88
"../../../Engine/Plugins/2D/Paper2D/Content/OpaqueUnlitSpriteMaterial.uasset" 89
"../../../Engine/Plugins/2D/Paper2D/Content/DummySprite.uasset" 90
"../../../Engine/Plugins/2D/Paper2D/Content/DefaultPaperTerrainMaterial.uasset" 91
"../../../Engine/Content/EngineMaterials/RemoveSurfaceMaterial.uasset" 92
"../../../Engine/Content/EngineDebugMaterials/DebugMeshMaterial.uasset" 93
"../../../Engine/Content/EngineMaterials/InvalidLightmapSettings.uasset" 94
"../../../Engine/Content/EngineMaterials/M_InvalidLightmapSettings.uasset" 95
"../../../Engine/Content/EditorMaterials/GizmoMaterial.uasset" 96
"../../../Engine/Content/EngineMaterials/Good64x64TilingNoiseHighFreq.uasset" 97
"../../../Engine/Content/EngineMaterials/DefaultBokeh.uasset" 98
"../../../Engine/Content/EngineMaterials/PreintegratedSkinBRDF.uasset" 99
"../../../Engine/Content/EngineMaterials/MiniFont.uasset" 100
"../../../Engine/Content/EngineMaterials/WeightMapPlaceholderTexture.uasset" 101
"../../../Engine/Content/EngineMaterials/DefaultWhiteGrid.uasset" 102
"../../../Engine/Content/EngineMaterials/DefaultPhysicalMaterial.uasset" 103
"../../../Engine/Content/EngineFonts/RobotoTiny.uasset" 104
"../../../Engine/Content/EditorSounds/Notifications/CompileSuccess.uasset" 105
"../../../Engine/Content/EditorSounds/Notifications/CompileStart_Cue.uasset" 106
"../../../Engine/Content/EditorSounds/Notifications/CompileSuccess_Cue.uasset" 107
"../../../Engine/Content/EditorSounds/Notifications/CompileFailed.uasset" 108
"../../../Engine/Content/EditorSounds/Notifications/CompileFailed_Cue.uasset" 109
"../../../SteamProject/Content/UI/AllLevels/ChatText.uasset" 110
"../../../SteamProject/Content/UI/AllLevels/ChatWindow.uasset" 111
"../../../SteamProject/Content/StarterContent/Audio/Light01_Cue.uasset" 112
"../../../SteamProject/Content/StarterContent/Audio/Light02_Cue.uasset" 113
"../../../SteamProject/Content/StarterContent/Audio/Explosion_Cue.uasset" 114
"../../../SteamProject/Content/StarterContent/Textures/T_Burst_M.uasset" 115
"../../../SteamProject/Content/StarterContent/Particles/Materials/M_Burst.uasset" 116
"../../../SteamProject/Content/StarterContent/Textures/T_Explosion_SubUV.uasset" 117
"../../../SteamProject/Content/StarterContent/Particles/Materials/M_explosion_subUV.uasset" 118
"../../../SteamProject/Content/StarterContent/Particles/Materials/m_flare_01.uasset" 119
"../../../Engine/Content/Functions/Engine_MaterialFunctions01/Gradient/RadialGradient.uasset" 120
"../../../SteamProject/Content/StarterContent/Particles/Materials/M_radial_ramp.uasset" 121
"../../../SteamProject/Content/StarterContent/Textures/T_Smoke_SubUV.uasset" 122
"../../../SteamProject/Content/StarterContent/Textures/T_Smoke_Tiled_D.uasset" 123
"../../../SteamProject/Content/StarterContent/Particles/Materials/M_smoke_subUV.uasset" 124
"../../../SteamProject/Content/StarterContent/Particles/P_Explosion.uasset" 125
"../../../SteamProject/Content/StarterContent/Blueprints/Blueprint_Effect_Explosion.uasset" 126
"../../../Engine/Content/EditorResources/EmptyActor.uasset" 127
"../../../SteamProject/Content/UI/Lobby/LobbyMenu.uasset" 128
"../../../SteamProject/Content/UI/Lobby/GameSettings.uasset" 129
"../../../SteamProject/Content/UI/Lobby/ConnectedPlayer.uasset" 130
"../../../SteamProject/Content/UI/Lobby/CharacterSelect.uasset" 131
"../../../SteamProject/Content/UI/AllLevels/GameplayChat.uasset" 132
"../../../Engine/Content/EditorResources/AudioIcons/S_AudioComponent_AutoActivate.uasset" 133
"../../../Engine/Content/EditorResources/AudioIcons/S_AudioComponent.uasset" 134
"../../../Engine/Content/MobileResources/HUD/MobileHUDButton2_off.uasset" 135
"../../../SteamProject/Content/StarterContent/Materials/M_Basic_Wall.uasset" 136
"../../../SteamProject/Content/StarterContent/Shapes/Shape_Wedge_A.uasset" 137
"../../../SteamProject/Content/StarterContent/Shapes/Shape_Tube.uasset" 138
"../../../SteamProject/Content/StarterContent/Shapes/Shape_TriPyramid.uasset" 139
"../../../SteamProject/Content/StarterContent/Shapes/Shape_Trim_90_Out.uasset" 140
"../../../SteamProject/Content/StarterContent/Shapes/Shape_Trim_90_In.uasset" 141
"../../../SteamProject/Content/StarterContent/Shapes/Shape_Trim.uasset" 142
"../../../SteamProject/Content/StarterContent/Shapes/Shape_Torus.uasset" 143
"../../../SteamProject/Content/StarterContent/Shapes/Shape_Plane.uasset" 144
"../../../SteamProject/Content/StarterContent/Shapes/Shape_Pipe_90.uasset" 145
"../../../SteamProject/Content/Textures/warrior.uasset" 146
"../../../SteamProject/Content/Textures/tusk.uasset" 147
"../../../Engine/Content/MobileResources/HUD/MobileHUDButtonFire.uasset" 148
"../../../Engine/Content/MobileResources/HUD/VirtualJoystick_Background.uasset" 149
"../../../Engine/Content/MobileResources/HUD/VirtualJoystick_Thumb.uasset" 150
"../../../Engine/Content/MobileResources/HUD/LeftVirtualJoystickOnly.uasset" 151
"../../../Engine/Content/MobileResources/HUD/DefaultVirtualJoysticks.uasset" 152
"../../../Engine/Content/MobileResources/HUD/AnalogHat.uasset" 153
"../../../Engine/Content/MobileResources/HUD/MobileHUDDirectionPad.uasset" 154
"../../../SteamProject/Content/InfinityBladeWarriors/Character/CompleteCharacters/Textures_Materials/CharM_Barbarous/T_CharM_Barbarous_MetalMask.uasset" 155
"../../../SteamProject/Content/InfinityBladeWarriors/Character/CompleteCharacters/Textures_Materials/CharM_Barbarous/T_CharM_Barbarous_N.uasset" 156
"../../../SteamProject/Content/InfinityBladeWarriors/Character/CompleteCharacters/Textures_Materials/CharM_Barbarous/T_CharM_BarbarousElite_D.uasset" 157
"../../../SteamProject/Content/InfinityBladeWarriors/Character/CompleteCharacters/Textures_Materials/CharM_Barbarous/M_Char_Barbarous_Elite.uasset" 158
"../../../SteamProject/Content/InfinityBladeWarriors/Character/CompleteCharacters/Textures_Materials/CharM_solid/T_CharM_Solid_Alternate.uasset" 159
"../../../SteamProject/Content/Textures/barby.uasset" 160
"../../../SteamProject/Content/InfinityBladeWarriors/Character/CompleteCharacters/Textures_Materials/CharM_solid/T_CharM_Solid_Alt.uasset" 161
"../../../SteamProject/Content/InfinityBladeWarriors/Character/CompleteCharacters/Textures_Materials/CharM_Pit/T_CharM_Gorge_D.uasset" 162
"../../../SteamProject/Content/InfinityBladeWarriors/Character/CompleteCharacters/Textures_Materials/CharM_solid/T_CharM_Solid_Alt_Mask.uasset" 163
"../../../SteamProject/Content/InfinityBladeWarriors/Character/CompleteCharacters/Textures_Materials/CharM_Shell/T_CharM_Shell_C.uasset" 164
"../../../SteamProject/Content/Textures/robo.uasset" 165
"../../../Engine/Content/MobileResources/T_MobileControls_texture.uasset" 166
"../../../SteamProject/Content/InfinityBladeWarriors/Character/CompleteCharacters/Textures_Materials/CharM_Ram/T_CharM_Ram_C_D.uasset" 167
"../../../SteamProject/Content/InfinityBladeWarriors/Character/CompleteCharacters/Textures_Materials/CharM_Bladed/T_CharM_Bladed_D.uasset" 168
"../../../SteamProject/Content/InfinityBladeWarriors/Character/CompleteCharacters/Textures_Materials/CharM_Bladed/T_CharM_Bladed_MetalMask1.uasset" 169
"../../../SteamProject/Content/InfinityBladeWarriors/Character/CompleteCharacters/Textures_Materials/CharM_Bladed/T_CharM_Bladed_N.uasset" 170
"../../../SteamProject/Content/InfinityBladeWarriors/Character/CompleteCharacters/Textures_Materials/CharM_solid/M_CharM_Solid_Alternate.uasset" 171
"../../../SteamProject/Content/StarterContent/Shapes/Shape_Wedge_B.uasset" 172
"../../../Engine/Content/MobileResources/HUD/MobileHUDDirectionPad2.uasset" 173
"../../../SteamProject/Content/InfinityBladeWarriors/Character/CompleteCharacters/Textures_Materials/CharM_Bladed/T_CharM_Bladed_Elite_D.uasset" 174
"../../../SteamProject/Content/UI/MainMenu/ErrorDialog.uasset" 175
"../../../SteamProject/Content/UI/Lobby/PlayerButton.uasset" 176
"../../../SteamProject/Content/Textures/pitt.uasset" 177
"../../../Engine/Content/MobileResources/HUD/T_Castle_ThumbstickInner.uasset" 178
"../../../SteamProject/Content/Textures/natural.uasset" 179
"../../../SteamProject/Content/InfinityBladeWarriors/Character/CompleteCharacters/Textures_Materials/CharM_Ram/T_CharM_Ram_D.uasset" 180
"../../../SteamProject/Content/Textures/forge.uasset" 181
"../../../Engine/Content/MobileResources/HUD/MobileHUDDirectionStick.uasset" 182
"../../../SteamProject/Content/Textures/frosty.uasset" 183
"../../../SteamProject/Content/Textures/arena_02.uasset" 184
"../../../Engine/Content/MobileResources/HUD/MobileHUDDirectionPad3.uasset" 185
"../../../SteamProject/Content/InfinityBladeWarriors/Character/CompleteCharacters/Textures_Materials/CharM_Barbarous/SK_CharM_Barbarous_Skeleton.uasset" 186
"../../../Engine/Content/MobileResources/HUD/MobileHUDButton3.uasset" 187
"../../../SteamProject/Content/StarterContent/Shapes/Shape_WideCapsule.uasset" 188
"../../../SteamProject/Content/Textures/arena_01.uasset" 189
"../../../Engine/Content/MobileResources/T_MobileMenu2.uasset" 190
"../../../SteamProject/Content/InfinityBladeWarriors/Character/CompleteCharacters/Textures_Materials/CharM_Natural/T_CharM_NaturalElite_Mask.uasset" 191
"../../../SteamProject/Content/InfinityBladeWarriors/Character/CompleteCharacters/Textures_Materials/CharM_Natural/T_CharM_NaturalElite_D.uasset" 192
"../../../SteamProject/Content/InfinityBladeWarriors/Character/CompleteCharacters/Textures_Materials/CharM_Warrior/T_CharM_Warrior_Emissive.uasset" 193
"../../../SteamProject/Content/InfinityBladeWarriors/Character/CompleteCharacters/Textures_Materials/CharM_Shell/T_CharM_ShellB_D.uasset" 194
"../../../Engine/Content/MobileResources/HUD/MobileHUDButton2_on.uasset" 195
"../../../Engine/Content/MobileResources/HUD/MobileHUDButton1_off.uasset" 196
"../../../SteamProject/Content/InfinityBladeWarriors/Character/CompleteCharacters/Textures_Materials/CharM_Base/T_CharM_Base_D_MetalMask.uasset" 197
"../../../Engine/Content/BasicShapes/Cone.uasset" 198
"../../../Engine/Content/BasicShapes/Cylinder.uasset" 199
"../../../Engine/Content/BasicShapes/Sphere.uasset" 200
"../../../Engine/Content/EditorMaterials/PhAT_JointLimitMaterial.uasset" 201
"../../../Engine/Content/EditorMaterials/PreviewShadowIndicator.uasset" 202
"../../../Engine/Content/EditorMaterials/PreviewShadowIndicatorMaterial.uasset" 203
"../../../Engine/Content/EditorResources/BSPVertex.uasset" 204
"../../../Engine/Content/EditorResources/LightIcons/S_LightError.uasset" 205
"../../../Engine/Content/EngineDebugMaterials/HeatmapGradient.uasset" 206
"../../../Engine/Content/EngineDebugMaterials/BoneWeightMaterial.uasset" 207
"../../../Engine/Content/EngineDebugMaterials/GeomMaterial.uasset" 208
"../../../Engine/Content/EngineMaterials/EditorBrushMaterial.uasset" 209
"../../../Engine/Content/EngineMeshes/Cube.uasset" 210
"../../../Engine/Content/MobileResources/HUD/MobileHUDButton1_on.uasset" 211
"../../../Engine/Content/MobileResources/HUD/T_Castle_ThumbstickOutter.uasset" 212
"../../../Engine/Content/Tutorial/BlueprintTutorials/TutorialAssets/BlueprintInterface_64x.uasset" 213
"../../../Engine/Content/Tutorial/BlueprintTutorials/TutorialAssets/BlueprintMacroLibrary_64x.uasset" 214
"../../../Engine/Content/Tutorial/BlueprintTutorials/TutorialAssets/Tutorial_BP_Interface.uasset" 215
"../../../Engine/Content/Tutorial/Foliage/TutorialAssets/Foliage.uasset" 216
"../../../Engine/Content/Tutorial/Landscape/TutorialAssets/Landscape.uasset" 217
"../../../Engine/Content/Tutorial/Paper2D/TutorialAssets/Paper2DFlipbook_TutorialIcon.uasset" 218
"../../../Engine/Content/Tutorial/Paper2D/TutorialAssets/Paper2DSprite_TutorialIcon.uasset" 219
"../../../Engine/Content/Tutorial/SubEditors/TutorialAssets/icon_Editor_Preferences_General_40x.uasset" 220
"../../../Engine/Content/Tutorial/SubEditors/TutorialAssets/TutorialMaterial.uasset" 221
"../../../Engine/Content/Tutorial/SubEditors/TutorialAssets/T_SmokeSubUV_8X8.uasset" 222
"../../../Engine/Content/Tutorial/SubEditors/TutorialAssets/T_soft_smoke.uasset" 223
"../../../Engine/Content/Tutorial/SubEditors/TutorialAssets/M_smoke_subUV_blackbody.uasset" 224
"../../../Engine/Content/Tutorial/SubEditors/TutorialAssets/TutorialParticleSystem.uasset" 225
"../../../Engine/Content/EngineMaterials/WorldGridMaterial.uasset" 226
"../../../Engine/Content/EditorMeshes/EditorCube.uasset" 227
"../../../Engine/Content/Tutorial/SubEditors/TutorialAssets/Tutorial_DM.uasset" 228
"../../../SteamProject/Content/Blueprints/AllLevels/PlayerInfo.uasset" 229
"../../../SteamProject/Content/Blueprints/AllLevels/PlayerSaveGame.uasset" 230
"../../../Engine/Content/EngineMeshes/Humanoid.uasset" 231
"../../../SteamProject/Content/InfinityBladeWarriors/Character/CompleteCharacters/SK_Mannequin_Skeleton.uasset" 232
"../../../SteamProject/Content/InfinityBladeWarriors/Animations/ThirdPerson_Jump.uasset" 233
"../../../SteamProject/Content/InfinityBladeWarriors/Animations/ThirdPersonJump_Loop.uasset" 234
"../../../SteamProject/Content/InfinityBladeWarriors/Animations/ThirdPersonJump_Start.uasset" 235
"../../../SteamProject/Content/InfinityBladeWarriors/Animations/ThirdPersonIdle.uasset" 236
"../../../SteamProject/Content/InfinityBladeWarriors/Animations/ThirdPersonRun.uasset" 237
"../../../SteamProject/Content/InfinityBladeWarriors/Animations/ThirdPersonWalk.uasset" 238
"../../../SteamProject/Content/InfinityBladeWarriors/Animations/ThirdPerson_IdleRun_2D.uasset" 239
"../../../Engine/Content/EditorBlueprintResources/StandardMacros.uasset" 240
"../../../SteamProject/Content/InfinityBladeWarriors/Animations/0_BaseAnimBP.uasset" 241
"../../../SteamProject/Content/Mannequin/Character/Mesh/UE4_Mannequin_Skeleton.uasset" 242
"../../../SteamProject/Content/Mannequin/Animations/ThirdPerson_Jump.uasset" 243
"../../../SteamProject/Content/Mannequin/Animations/ThirdPersonJump_Loop.uasset" 244
"../../../SteamProject/Content/Mannequin/Animations/ThirdPersonJump_Start.uasset" 245
"../../../SteamProject/Content/Mannequin/Animations/ThirdPersonIdle.uasset" 246
"../../../SteamProject/Content/Mannequin/Animations/ThirdPersonRun.uasset" 247
"../../../SteamProject/Content/Mannequin/Animations/ThirdPersonWalk.uasset" 248
"../../../SteamProject/Content/Mannequin/Animations/ThirdPerson_IdleRun_2D.uasset" 249
"../../../SteamProject/Content/Mannequin/Animations/ThirdPerson_AnimBP.uasset" 250
"../../../SteamProject/Content/InfinityBladeWarriors/Character/CompleteCharacters/Textures_Materials/CharM_Base/T_CharM_Base_D.uasset" 251
"../../../SteamProject/Content/InfinityBladeWarriors/Character/CompleteCharacters/Textures_Materials/CharM_Base/T_CharM_Base_M.uasset" 252
"../../../SteamProject/Content/InfinityBladeWarriors/Character/CompleteCharacters/Textures_Materials/CharM_Base/T_CharM_Base_N.uasset" 253
"../../../SteamProject/Content/InfinityBladeWarriors/Character/CompleteCharacters/Textures_Materials/CharM_Base/M_CharM_Base.uasset" 254
"../../../SteamProject/Content/InfinityBladeWarriors/Character/CompleteCharacters/sk_CharM_Base.uasset" 255
"../../../SteamProject/Content/Blueprints/Characters/0_Base.uasset" 256
"../../../SteamProject/Content/InfinityBladeWarriors/Character/CompleteCharacters/Textures_Materials/CharM_Barbarous/T_CharM_Barbarous_D.uasset" 257
"../../../SteamProject/Content/InfinityBladeWarriors/Character/CompleteCharacters/Textures_Materials/CharM_Barbarous/M_Char_Barbrous.uasset" 258
"../../../SteamProject/Content/InfinityBladeWarriors/Character/CompleteCharacters/SK_CharM_Barbarous.uasset" 259
"../../../SteamProject/Content/Blueprints/Characters/Barby.uasset" 260
"../../../SteamProject/Content/InfinityBladeWarriors/Character/CompleteCharacters/Textures_Materials/CharM_Forge/CharM_Forge_D.uasset" 261
"../../../SteamProject/Content/InfinityBladeWarriors/Character/CompleteCharacters/Textures_Materials/CharM_Forge/CharM_Forge_MetalMask.uasset" 262
"../../../SteamProject/Content/InfinityBladeWarriors/Character/CompleteCharacters/Textures_Materials/CharM_Forge/CharM_Forge_N.uasset" 263
"../../../SteamProject/Content/InfinityBladeWarriors/Character/CompleteCharacters/Textures_Materials/CharM_Forge/M_Char_Forge.uasset" 264
"../../../SteamProject/Content/InfinityBladeWarriors/Character/CompleteCharacters/SK_CharM_Forge.uasset" 265
"../../../SteamProject/Content/Blueprints/Characters/Forge.uasset" 266
"../../../SteamProject/Content/InfinityBladeWarriors/Character/CompleteCharacters/Textures_Materials/CharM_FrostGiant/T_Char_M_FrostGiant_D.uasset" 267
"../../../SteamProject/Content/InfinityBladeWarriors/Character/CompleteCharacters/Textures_Materials/CharM_FrostGiant/T_Char_M_FrostGiant_Masks.uasset" 268
"../../../SteamProject/Content/InfinityBladeWarriors/Character/CompleteCharacters/Textures_Materials/CharM_FrostGiant/T_Char_M_FrostGiant_MaterialMask.uasset" 269
"../../../SteamProject/Content/InfinityBladeWarriors/Character/CompleteCharacters/Textures_Materials/CharM_FrostGiant/T_Char_M_FrostGiant_N.uasset" 270
"../../../SteamProject/Content/InfinityBladeWarriors/Character/CompleteCharacters/Textures_Materials/CharM_FrostGiant/M_Char_FrostGiant.uasset" 271
"../../../SteamProject/Content/InfinityBladeWarriors/Character/CompleteCharacters/SK_CharM_FrostGiant.uasset" 272
"../../../SteamProject/Content/Blueprints/Characters/Frosty.uasset" 273
"../../../SteamProject/Content/InfinityBladeWarriors/Character/CompleteCharacters/Textures_Materials/CharM_Natural/T_CharM_Natural_D.uasset" 274
"../../../SteamProject/Content/InfinityBladeWarriors/Character/CompleteCharacters/Textures_Materials/CharM_Natural/T_CharM_Natural_Mask.uasset" 275
"../../../SteamProject/Content/InfinityBladeWarriors/Character/CompleteCharacters/Textures_Materials/CharM_Natural/T_CharM_Natural_N.uasset" 276
"../../../SteamProject/Content/InfinityBladeWarriors/Character/CompleteCharacters/Textures_Materials/CharM_Natural/M_Char_Natural.uasset" 277
"../../../SteamProject/Content/InfinityBladeWarriors/Character/CompleteCharacters/SK_CharM_Natural.uasset" 278
"../../../SteamProject/Content/Blueprints/Characters/Natural.uasset" 279
"../../../SteamProject/Content/InfinityBladeWarriors/Character/CompleteCharacters/Textures_Materials/CharM_Pit/T_CharM_Pit_D.uasset" 280
"../../../SteamProject/Content/InfinityBladeWarriors/Character/CompleteCharacters/Textures_Materials/CharM_Pit/T_CharM_Pit_Mask.uasset" 281
"../../../SteamProject/Content/InfinityBladeWarriors/Character/CompleteCharacters/Textures_Materials/CharM_Pit/T_CharM_Pit_N.uasset" 282
"../../../SteamProject/Content/InfinityBladeWarriors/Character/CompleteCharacters/Textures_Materials/CharM_Pit/M_Char_Pit.uasset" 283
"../../../SteamProject/Content/InfinityBladeWarriors/Character/CompleteCharacters/SK_CharM_Pit.uasset" 284
"../../../SteamProject/Content/Blueprints/Characters/pitt.uasset" 285
"../../../SteamProject/Content/InfinityBladeWarriors/Character/CompleteCharacters/Textures_Materials/CharM_Robo/T_CharM_Robo_D.uasset" 286
"../../../SteamProject/Content/InfinityBladeWarriors/Character/CompleteCharacters/Textures_Materials/CharM_Robo/T_CharM_Robo_Mask.uasset" 287
"../../../SteamProject/Content/InfinityBladeWarriors/Character/CompleteCharacters/Textures_Materials/CharM_Robo/T_CharM_Robo_N.uasset" 288
"../../../SteamProject/Content/InfinityBladeWarriors/Character/CompleteCharacters/Textures_Materials/CharM_Robo/M_Char_Robo.uasset" 289
"../../../SteamProject/Content/InfinityBladeWarriors/Character/CompleteCharacters/SK_CharM_Robo.uasset" 290
"../../../SteamProject/Content/Blueprints/Characters/Robo.uasset" 291
"../../../SteamProject/Content/InfinityBladeWarriors/Character/CompleteCharacters/Textures_Materials/CharM_Tusk/T_CharM_Tusk_D.uasset" 292
"../../../SteamProject/Content/InfinityBladeWarriors/Character/CompleteCharacters/Textures_Materials/CharM_Tusk/T_CharM_Tusk_E.uasset" 293
"../../../SteamProject/Content/InfinityBladeWarriors/Character/CompleteCharacters/Textures_Materials/CharM_Tusk/T_CharM_Tusk_Mask.uasset" 294
"../../../SteamProject/Content/InfinityBladeWarriors/Character/CompleteCharacters/Textures_Materials/CharM_Tusk/T_CharM_Tusk_N.uasset" 295
"../../../SteamProject/Content/InfinityBladeWarriors/Character/CompleteCharacters/Textures_Materials/CharM_Tusk/M_Char_Tusk.uasset" 296
"../../../SteamProject/Content/InfinityBladeWarriors/Character/CompleteCharacters/SK_CharM_Tusk.uasset" 297
"../../../SteamProject/Content/Blueprints/Characters/Tusk.uasset" 298
"../../../SteamProject/Content/InfinityBladeWarriors/Character/CompleteCharacters/Textures_Materials/CharM_Warrior/T_CharM_Warrior_JewelMask.uasset" 299
"../../../SteamProject/Content/InfinityBladeWarriors/Character/CompleteCharacters/Textures_Materials/CharM_Warrior/T_CharM_Warrior_N.uasset" 300
"../../../SteamProject/Content/InfinityBladeWarriors/Character/CompleteCharacters/Textures_Materials/CharM_Warrior/T_CharM_WarriorB_D.uasset" 301
"../../../SteamProject/Content/InfinityBladeWarriors/Character/CompleteCharacters/Textures_Materials/CharM_Warrior/T_CharM_WarriorB_Mask.uasset" 302
"../../../SteamProject/Content/InfinityBladeWarriors/Character/CompleteCharacters/Textures_Materials/CharM_Warrior/M_Char_Warrior_B.uasset" 303
"../../../SteamProject/Content/InfinityBladeWarriors/Character/CompleteCharacters/SK_CharM_Warrior.uasset" 304
"../../../SteamProject/Content/Blueprints/Characters/Warrior.uasset" 305
"../../../Engine/Content/Functions/Engine_MaterialFunctions02/Utility/BlendAngleCorrectedNormals.uasset" 306
"../../../Engine/Content/Functions/MaterialLayerFunctions/MatLayerBlend_NormalBlend.uasset" 307
"../../../Engine/Content/Functions/MaterialLayerFunctions/MatLayerBlend_Simple.uasset" 308
"../../../SteamProject/Content/Mannequin/Character/Materials/MaterialLayers/T_ML_Rubber_Blue_01_D.uasset" 309
"../../../SteamProject/Content/Mannequin/Character/Materials/MaterialLayers/T_ML_Rubber_Blue_01_N.uasset" 310
"../../../SteamProject/Content/Mannequin/Character/Materials/MaterialLayers/ML_GlossyBlack_Latex_UE4.uasset" 311
"../../../SteamProject/Content/Mannequin/Character/Materials/MaterialLayers/ML_Plastic_Shiny_Beige.uasset" 312
"../../../SteamProject/Content/Mannequin/Character/Textures/UE4_LOGO_CARD.uasset" 313
"../../../SteamProject/Content/Mannequin/Character/Materials/MaterialLayers/ML_Plastic_Shiny_Beige_LOGO.uasset" 314
"../../../SteamProject/Content/Mannequin/Character/Materials/MaterialLayers/T_ML_Aluminum01.uasset" 315
"../../../SteamProject/Content/Mannequin/Character/Materials/MaterialLayers/T_ML_Aluminum01_N.uasset" 316
"../../../SteamProject/Content/Mannequin/Character/Materials/MaterialLayers/ML_SoftMetal_UE4.uasset" 317
"../../../SteamProject/Content/Mannequin/Character/Textures/UE4_Mannequin__normals.uasset" 318
"../../../SteamProject/Content/Mannequin/Character/Textures/UE4_Mannequin_MAT_MASKA.uasset" 319
"../../../SteamProject/Content/Mannequin/Character/Materials/M_UE4Man_Body.uasset" 320
"../../../SteamProject/Content/Mannequin/Character/Textures/UE4Man_Logo_N.uasset" 321
"../../../SteamProject/Content/Mannequin/Character/Materials/M_UE4Man_ChestLogo.uasset" 322
"../../../SteamProject/Content/Mannequin/Character/Mesh/SK_Mannequin_PhysicsAsset.uasset" 323
"../../../SteamProject/Content/Mannequin/Character/Mesh/SK_Mannequin.uasset" 324
"../../../SteamProject/Content/ThirdPersonBP/Blueprints/ThirdPersonCharacter.uasset" 325
"../../../SteamProject/Content/ThirdPersonBP/Blueprints/ThirdPersonGameMode.uasset" 326
"../../../SteamProject/Content/Blueprints/Lobby/LobbyGM.uasset" 327
"../../../SteamProject/Content/Blueprints/Lobby/LobbyPC.uasset" 328
"../../../SteamProject/Content/InfinityBladeWarriors/Character/CompleteCharacters/Textures_Materials/CharM_Natural/T_CharM_NaturalElite_N.uasset" 329
"../../../SteamProject/Content/InfinityBladeWarriors/Character/CompleteCharacters/Textures_Materials/CharM_Pit/T_CharM_Trench_D.uasset" 330
"../../../SteamProject/Content/InfinityBladeWarriors/Character/CompleteCharacters/Textures_Materials/CharM_Pit/M_Char_Pit2.uasset" 331
"../../../SteamProject/Content/InfinityBladeWarriors/Character/CompleteCharacters/Textures_Materials/CharM_Pit/T_CharM_Pit3_D.uasset" 332
"../../../SteamProject/Content/InfinityBladeWarriors/Character/CompleteCharacters/Textures_Materials/CharM_Pit/M_Char_Pit3.uasset" 333
"../../../SteamProject/Content/Mannequin/Animations/ThirdPersonJump_End.uasset" 334
"../../../SteamProject/Content/StarterContent/Architecture/Pillar_50x500.uasset" 335
"../../../SteamProject/Content/StarterContent/Architecture/Wall_400x300.uasset" 336
"../../../SteamProject/Content/StarterContent/Architecture/Wall_400x400.uasset" 337
"../../../SteamProject/Content/StarterContent/Architecture/Wall_500x500.uasset" 338
"../../../SteamProject/Content/StarterContent/Architecture/Wall_Door_400x400.uasset" 339
"../../../SteamProject/Content/StarterContent/Architecture/Wall_Window_400x400.uasset" 340
"../../../Engine/Content/EditorMeshes/ColorCalibrator/T_ColorGrid.uasset" 341
"../../../SteamProject/Content/StarterContent/Materials/M_ColorGrid_LowSpec.uasset" 342
"../../../SteamProject/Content/StarterContent/Textures/T_Bush_D.uasset" 343
"../../../SteamProject/Content/StarterContent/Textures/T_Bush_N.uasset" 344
"../../../SteamProject/Content/StarterContent/Props/Materials/M_Bush.uasset" 345
"../../../SteamProject/Content/StarterContent/Props/SM_Bush.uasset" 346
"../../../SteamProject/Content/StarterContent/Textures/T_Chair_M.uasset" 347
"../../../SteamProject/Content/StarterContent/Textures/T_Chair_N.uasset" 348
"../../../SteamProject/Content/StarterContent/Props/Materials/M_Chair.uasset" 349
"../../../SteamProject/Content/StarterContent/Props/SM_Couch.uasset" 350
"../../../SteamProject/Content/StarterContent/Materials/M_Glass.uasset" 351
"../../../SteamProject/Content/StarterContent/Textures/T_Door_M.uasset" 352
"../../../SteamProject/Content/StarterContent/Textures/T_Door_N.uasset" 353
"../../../SteamProject/Content/StarterContent/Props/Materials/M_Door.uasset" 354
"../../../SteamProject/Content/StarterContent/Props/SM_Door.uasset" 355
"../../../SteamProject/Content/StarterContent/Props/Materials/M_MaterialSphere.uasset" 356
"../../../SteamProject/Content/StarterContent/Props/Materials/M_MaterialSphere_Plain.uasset" 357
"../../../SteamProject/Content/StarterContent/Props/SM_MatPreviewMesh_02.uasset" 358
"../../../SteamProject/Content/StarterContent/Textures/T_Detail_Rocky_N.uasset" 359
"../../../SteamProject/Content/StarterContent/Textures/T_Rock_Basalt_D.uasset" 360
"../../../SteamProject/Content/StarterContent/Textures/T_RockMesh_M.uasset" 361
"../../../SteamProject/Content/StarterContent/Textures/T_RockMesh_N.uasset" 362
"../../../SteamProject/Content/StarterContent/Props/Materials/M_Rock.uasset" 363
"../../../SteamProject/Content/StarterContent/Props/SM_Rock.uasset" 364
"../../../SteamProject/Content/StarterContent/Textures/T_Shelf_M.uasset" 365
"../../../SteamProject/Content/StarterContent/Textures/T_Shelf_N.uasset" 366
"../../../SteamProject/Content/StarterContent/Props/Materials/M_Shelf.uasset" 367
"../../../SteamProject/Content/StarterContent/Props/SM_Shelf.uasset" 368
"../../../SteamProject/Content/StarterContent/Materials/M_Basic_Floor.uasset" 369
"../../../SteamProject/Content/StarterContent/Props/SM_Stairs.uasset" 370
"../../../SteamProject/Content/StarterContent/Shapes/Shape_Cone.uasset" 371
"../../../SteamProject/Content/StarterContent/Shapes/Shape_Cylinder.uasset" 372
"../../../SteamProject/Content/StarterContent/Shapes/Shape_NarrowCapsule.uasset" 373
"../../../SteamProject/Content/StarterContent/Shapes/Shape_Pipe.uasset" 374
"../../../SteamProject/Content/StarterContent/Shapes/Shape_Pipe_180.uasset" 375
"../../../Engine/Content/EngineSky/C_Sky_Cloud_Color.uasset" 376
"../../../Engine/Content/EngineSky/C_Sky_Horizon_Color.uasset" 377
"../../../Engine/Content/EngineSky/C_Sky_Zenith_Color.uasset" 378
"../../../Engine/Content/EngineSky/T_Sky_Blue.uasset" 379
"../../../Engine/Content/EngineSky/T_Sky_Clouds_M.uasset" 380
"../../../Engine/Content/EngineSky/T_Sky_Stars.uasset" 381
"../../../Engine/Content/EngineSky/M_Sky_Panning_Clouds2.uasset" 382
"../../../Engine/Content/EngineSky/SM_SkySphere.uasset" 383
"../../../Engine/Content/EngineSky/BP_Sky_Sphere.uasset" 384
"../../../Engine/Content/MapTemplates/SM_Template_Map_Floor.uasset" 385
"../../../SteamProject/Content/Maps/Lobby.umap" 386
"../../../Engine/Content/Functions/Engine_MaterialFunctions03/Procedurals/ComputeFilterWidth.uasset" 387
"../../../Engine/Content/EngineMaterials/AntiAliasedTextMaterialTranslucent.uasset" 388
"../../../SteamProject/Content/Geometry/Meshes/CubeMaterial.uasset" 389
"../../../SteamProject/Content/Geometry/Meshes/1M_Cube.uasset" 390
"../../../SteamProject/Content/Geometry/Meshes/1M_Cube_Chamfer.uasset" 391
"../../../SteamProject/Content/Geometry/Meshes/TemplateFloor.uasset" 392
"../../../SteamProject/Content/ThirdPerson/Meshes/RampMaterial.uasset" 393
"../../../SteamProject/Content/ThirdPerson/Meshes/Bump_StaticMesh.uasset" 394
"../../../SteamProject/Content/ThirdPerson/Meshes/LeftArm_StaticMesh.uasset" 395
"../../../SteamProject/Content/ThirdPerson/Meshes/Linear_Stair_StaticMesh.uasset" 396
"../../../SteamProject/Content/ThirdPerson/Meshes/Ramp_StaticMesh.uasset" 397
"../../../SteamProject/Content/ThirdPerson/Meshes/RightArm_StaticMesh.uasset" 398
"../../../SteamProject/Content/ThirdPersonBP/Maps/ThirdPersonExampleMap.umap" 399
"../../../SteamProject/Content/StarterContent/Audio/Fire01_Cue.uasset" 400
"../../../SteamProject/Content/StarterContent/Textures/T_Fire_SubUV.uasset" 401
"../../../SteamProject/Content/StarterContent/Textures/T_Fire_Tiled_D.uasset" 402
"../../../SteamProject/Content/StarterContent/Particles/Materials/M_Fire_SubUV.uasset" 403
"../../../SteamProject/Content/StarterContent/Textures/T_Water_N.uasset" 404
"../../../SteamProject/Content/StarterContent/Particles/Materials/M_Heat_Distortion.uasset" 405
"../../../SteamProject/Content/StarterContent/Particles/Materials/M_Radial_Gradient.uasset" 406
"../../../SteamProject/Content/StarterContent/Particles/P_Fire.uasset" 407
"../../../SteamProject/Content/StarterContent/Blueprints/Blueprint_Effect_Fire.uasset" 408
"../../../SteamProject/Content/StarterContent/Audio/Smoke01_Cue.uasset" 409
"../../../SteamProject/Content/StarterContent/Particles/P_Smoke.uasset" 410
"../../../SteamProject/Content/StarterContent/Blueprints/Blueprint_Effect_Smoke.uasset" 411
"../../../SteamProject/Content/StarterContent/Audio/Fire_Sparks01_Cue.uasset" 412
"../../../SteamProject/Content/StarterContent/Textures/T_Spark_Core.uasset" 413
"../../../SteamProject/Content/StarterContent/Particles/Materials/M_Spark.uasset" 414
"../../../SteamProject/Content/StarterContent/Particles/P_Sparks.uasset" 415
"../../../SteamProject/Content/StarterContent/Blueprints/Blueprint_Effect_Sparks.uasset" 416
"../../../SteamProject/Content/StarterContent/Audio/Steam01_Cue.uasset" 417
"../../../SteamProject/Content/StarterContent/Particles/P_Steam_Lit.uasset" 418
"../../../SteamProject/Content/StarterContent/Blueprints/Blueprint_Effect_Steam.uasset" 419
"../../../SteamProject/Content/StarterContent/Textures/T_Lamp_M.uasset" 420
"../../../SteamProject/Content/StarterContent/Textures/T_Lamp_N.uasset" 421
"../../../SteamProject/Content/StarterContent/Props/Materials/M_Lamp.uasset" 422
"../../../SteamProject/Content/StarterContent/Props/SM_Lamp_Ceiling.uasset" 423
"../../../SteamProject/Content/StarterContent/Blueprints/Blueprint_CeilingLight.uasset" 424
"../../../SteamProject/Content/StarterContent/Props/SM_Lamp_Wall.uasset" 425
"../../../SteamProject/Content/StarterContent/Blueprints/Blueprint_WallSconce.uasset" 426
"../../../SteamProject/Content/StarterContent/Textures/T_Brick_Clay_Beveled_D.uasset" 427
"../../../SteamProject/Content/StarterContent/Textures/T_Brick_Clay_Beveled_M.uasset" 428
"../../../SteamProject/Content/StarterContent/Textures/T_Brick_Clay_Beveled_N.uasset" 429
"../../../SteamProject/Content/StarterContent/Textures/T_MacroVariation.uasset" 430
"../../../SteamProject/Content/StarterContent/Materials/M_Brick_Clay_Beveled.uasset" 431
"../../../SteamProject/Content/StarterContent/Textures/T_Brick_Clay_New_D.uasset" 432
"../../../SteamProject/Content/StarterContent/Textures/T_Brick_Clay_New_M.uasset" 433
"../../../SteamProject/Content/StarterContent/Textures/T_Brick_Clay_New_N.uasset" 434
"../../../SteamProject/Content/StarterContent/Materials/M_Brick_Clay_New.uasset" 435
"../../../SteamProject/Content/StarterContent/Textures/T_Brick_Clay_Old_D.uasset" 436
"../../../SteamProject/Content/StarterContent/Textures/T_Brick_Clay_Old_N.uasset" 437
"../../../SteamProject/Content/StarterContent/Textures/T_Perlin_Noise_M.uasset" 438
"../../../SteamProject/Content/StarterContent/Materials/M_Brick_Clay_Old.uasset" 439
"../../../SteamProject/Content/StarterContent/Textures/T_Brick_Cut_Stone_D.uasset" 440
"../../../SteamProject/Content/StarterContent/Textures/T_Brick_Cut_Stone_N.uasset" 441
"../../../SteamProject/Content/StarterContent/Materials/M_Brick_Cut_Stone.uasset" 442
"../../../SteamProject/Content/StarterContent/Textures/T_Brick_Hewn_Stone_D.uasset" 443
"../../../SteamProject/Content/StarterContent/Textures/T_Brick_Hewn_Stone_M.uasset" 444
"../../../SteamProject/Content/StarterContent/Textures/T_Brick_Hewn_Stone_N.uasset" 445
"../../../SteamProject/Content/StarterContent/Materials/M_Brick_Hewn_Stone.uasset" 446
"../../../SteamProject/Content/StarterContent/Textures/T_Ceramic_Tile_M.uasset" 447
"../../../SteamProject/Content/StarterContent/Textures/T_Ceramic_Tile_N.uasset" 448
"../../../SteamProject/Content/StarterContent/Textures/T_Rock_Marble_Polished_D.uasset" 449
"../../../SteamProject/Content/StarterContent/Materials/M_Ceramic_Tile_Checker.uasset" 450
"../../../SteamProject/Content/StarterContent/Textures/T_CobbleStone_Pebble_D.uasset" 451
"../../../SteamProject/Content/StarterContent/Textures/T_CobbleStone_Pebble_M.uasset" 452
"../../../SteamProject/Content/StarterContent/Textures/T_CobbleStone_Pebble_N.uasset" 453
"../../../SteamProject/Content/StarterContent/Materials/M_CobbleStone_Pebble.uasset" 454
"../../../SteamProject/Content/StarterContent/Textures/T_CobbleStone_Rough_D.uasset" 455
"../../../SteamProject/Content/StarterContent/Textures/T_CobbleStone_Rough_N.uasset" 456
"../../../SteamProject/Content/StarterContent/Textures/T_Gradinet_01.uasset" 457
"../../../SteamProject/Content/StarterContent/Textures/T_Rock_Smooth_Granite_D.uasset" 458
"../../../SteamProject/Content/StarterContent/Materials/M_CobbleStone_Rough.uasset" 459
"../../../SteamProject/Content/StarterContent/Textures/T_CobbleStone_Smooth_D.uasset" 460
"../../../SteamProject/Content/StarterContent/Textures/T_CobbleStone_Smooth_M.uasset" 461
"../../../SteamProject/Content/StarterContent/Textures/T_CobbleStone_Smooth_N.uasset" 462
"../../../SteamProject/Content/StarterContent/Materials/M_CobbleStone_Smooth.uasset" 463
"../../../SteamProject/Content/StarterContent/Textures/T_Concrete_Grime_D.uasset" 464
"../../../SteamProject/Content/StarterContent/Textures/T_Metal_Rust_N.uasset" 465
"../../../SteamProject/Content/StarterContent/Materials/M_Concrete_Grime.uasset" 466
"../../../SteamProject/Content/StarterContent/Textures/T_Concrete_Panels_D.uasset" 467
"../../../SteamProject/Content/StarterContent/Textures/T_Concrete_Panels_N.uasset" 468
"../../../SteamProject/Content/StarterContent/Materials/M_Concrete_Panels.uasset" 469
"../../../SteamProject/Content/StarterContent/Textures/T_Concrete_Poured_D.uasset" 470
"../../../SteamProject/Content/StarterContent/Textures/T_Concrete_Poured_N.uasset" 471
"../../../SteamProject/Content/StarterContent/Materials/M_Concrete_Poured.uasset" 472
"../../../SteamProject/Content/StarterContent/Textures/T_Concrete_Tiles_D.uasset" 473
"../../../SteamProject/Content/StarterContent/Textures/T_Concrete_Tiles_M.uasset" 474
"../../../SteamProject/Content/StarterContent/Textures/T_Concrete_Tiles_N.uasset" 475
"../../../SteamProject/Content/StarterContent/Textures/T_Concrete_Tiles_Variation_M.uasset" 476
"../../../SteamProject/Content/StarterContent/Materials/M_Concrete_Tiles.uasset" 477
"../../../SteamProject/Content/StarterContent/Textures/T_Ground_Grass_D.uasset" 478
"../../../SteamProject/Content/StarterContent/Textures/T_Ground_Grass_N.uasset" 479
"../../../SteamProject/Content/StarterContent/Materials/M_Ground_Grass.uasset" 480
"../../../SteamProject/Content/StarterContent/Textures/T_Ground_Gravel_D.uasset" 481
"../../../SteamProject/Content/StarterContent/Textures/T_Ground_Gravel_N.uasset" 482
"../../../SteamProject/Content/StarterContent/Materials/M_Ground_Gravel.uasset" 483
"../../../SteamProject/Content/StarterContent/Textures/T_ground_Moss_D.uasset" 484
"../../../SteamProject/Content/StarterContent/Textures/T_Ground_Moss_N.uasset" 485
"../../../SteamProject/Content/StarterContent/Materials/M_Ground_Moss.uasset" 486
"../../../SteamProject/Content/StarterContent/Materials/M_Metal_Brushed_Nickel.uasset" 487
"../../../SteamProject/Content/StarterContent/Textures/T_Metal_Aluminum_D.uasset" 488
"../../../SteamProject/Content/StarterContent/Textures/T_Metal_Gold_N.uasset" 489
"../../../SteamProject/Content/StarterContent/Materials/M_Metal_Burnished_Steel.uasset" 490
"../../../SteamProject/Content/StarterContent/Materials/M_Metal_Chrome.uasset" 491
"../../../SteamProject/Content/StarterContent/Textures/T_Metal_Copper_D.uasset" 492
"../../../SteamProject/Content/StarterContent/Materials/M_Metal_Copper.uasset" 493
"../../../SteamProject/Content/StarterContent/Textures/T_Metal_Gold_D.uasset" 494
"../../../SteamProject/Content/StarterContent/Materials/M_Metal_Gold.uasset" 495
"../../../SteamProject/Content/StarterContent/Textures/T_Metal_Rust_D.uasset" 496
"../../../SteamProject/Content/StarterContent/Materials/M_Metal_Rust.uasset" 497
"../../../SteamProject/Content/StarterContent/Textures/T_Metal_Steel_D.uasset" 498
"../../../SteamProject/Content/StarterContent/Textures/T_Metal_Steel_N.uasset" 499
"../../../SteamProject/Content/StarterContent/Materials/M_Metal_Steel.uasset" 500
"../../../SteamProject/Content/StarterContent/Textures/T_Rock_Basalt_N.uasset" 501
"../../../SteamProject/Content/StarterContent/Materials/M_Rock_Basalt.uasset" 502
"../../../SteamProject/Content/StarterContent/Materials/M_Rock_Marble_Polished.uasset" 503
"../../../SteamProject/Content/StarterContent/Textures/T_Rock_Sandstone_D.uasset" 504
"../../../SteamProject/Content/StarterContent/Textures/T_Rock_Sandstone_N.uasset" 505
"../../../SteamProject/Content/StarterContent/Materials/M_Rock_Sandstone.uasset" 506
"../../../SteamProject/Content/StarterContent/Textures/T_Rock_Slate_D.uasset" 507
"../../../SteamProject/Content/StarterContent/Textures/T_Rock_Slate_N.uasset" 508
"../../../SteamProject/Content/StarterContent/Materials/M_Rock_Slate.uasset" 509
"../../../SteamProject/Content/StarterContent/Textures/T_Checker_Noise_M.uasset" 510
"../../../SteamProject/Content/StarterContent/Textures/T_Single_Tile_N.uasset" 511
"../../../SteamProject/Content/StarterContent/Textures/T_Tech_Dot_M.uasset" 512
"../../../SteamProject/Content/StarterContent/Textures/T_Tech_Dot_N.uasset" 513
"../../../SteamProject/Content/StarterContent/Materials/M_Tech_Checker_Dot.uasset" 514
"../../../SteamProject/Content/StarterContent/Textures/T_Tech_Hex_Tile_M.uasset" 515
"../../../SteamProject/Content/StarterContent/Textures/T_Tech_Hex_Tile_N.uasset" 516
"../../../SteamProject/Content/StarterContent/Materials/M_Tech_Hex_Tile.uasset" 517
"../../../SteamProject/Content/StarterContent/Materials/M_Tech_Hex_Tile_Pulse.uasset" 518
"../../../SteamProject/Content/StarterContent/Textures/T_Tech_Panel_M.uasset" 519
"../../../SteamProject/Content/StarterContent/Textures/T_Tech_Panel_N.uasset" 520
"../../../SteamProject/Content/StarterContent/Materials/M_Tech_Panel.uasset" 521
"../../../SteamProject/Content/StarterContent/Materials/M_Water_Lake.uasset" 522
"../../../SteamProject/Content/StarterContent/Textures/T_Water_M.uasset" 523
"../../../SteamProject/Content/StarterContent/Materials/M_Water_Ocean.uasset" 524
"../../../SteamProject/Content/StarterContent/Textures/T_Wood_Floor_Walnut_D.uasset" 525
"../../../SteamProject/Content/StarterContent/Textures/T_Wood_Floor_Walnut_M.uasset" 526
"../../../SteamProject/Content/StarterContent/Textures/T_Wood_Floor_Walnut_N.uasset" 527
"../../../SteamProject/Content/StarterContent/Materials/M_Wood_Floor_Walnut_Polished.uasset" 528
"../../../Engine/Content/Functions/Engine_MaterialFunctions01/Opacity/AlphaOffset.uasset" 529
"../../../SteamProject/Content/StarterContent/Materials/M_Wood_Floor_Walnut_Worn.uasset" 530
"../../../SteamProject/Content/StarterContent/Textures/T_Wood_Oak_D.uasset" 531
"../../../SteamProject/Content/StarterContent/Textures/T_Wood_Oak_N.uasset" 532
"../../../SteamProject/Content/StarterContent/Materials/M_Wood_Oak.uasset" 533
"../../../SteamProject/Content/StarterContent/Textures/T_Wood_Pine_D.uasset" 534
"../../../SteamProject/Content/StarterContent/Textures/T_Wood_Pine_N.uasset" 535
"../../../SteamProject/Content/StarterContent/Materials/M_Wood_Pine.uasset" 536
"../../../SteamProject/Content/StarterContent/Textures/T_Wood_Walnut_D.uasset" 537
"../../../SteamProject/Content/StarterContent/Textures/T_Wood_Walnut_N.uasset" 538
"../../../SteamProject/Content/StarterContent/Materials/M_Wood_Walnut.uasset" 539
"../../../SteamProject/Content/StarterContent/Architecture/Floor_400x400.uasset" 540
"../../../SteamProject/Content/StarterContent/Architecture/Wall_400x200.uasset" 541
"../../../SteamProject/Content/StarterContent/Architecture/Wall_Door_400x300.uasset" 542
"../../../SteamProject/Content/StarterContent/Architecture/Wall_Window_400x300.uasset" 543
"../../../SteamProject/Content/StarterContent/Audio/Collapse_Cue.uasset" 544
"../../../SteamProject/Content/StarterContent/Audio/Starter_Background_Cue.uasset" 545
"../../../SteamProject/Content/StarterContent/Audio/Starter_Music_Cue.uasset" 546
"../../../SteamProject/Content/StarterContent/Textures/T_Dust_Particle_D.uasset" 547
"../../../SteamProject/Content/StarterContent/Particles/Materials/M_Dust_Particle.uasset" 548
"../../../SteamProject/Content/StarterContent/Particles/P_Ambient_Dust.uasset" 549
"../../../SteamProject/Content/StarterContent/Props/MaterialSphere.uasset" 550
"../../../SteamProject/Content/StarterContent/Props/SM_Chair.uasset" 551
"../../../SteamProject/Content/StarterContent/Textures/T_Frame_M.uasset" 552
"../../../SteamProject/Content/StarterContent/Textures/T_Frame_N.uasset" 553
"../../../SteamProject/Content/StarterContent/Props/Materials/M_Frame.uasset" 554
"../../../SteamProject/Content/StarterContent/Props/SM_CornerFrame.uasset" 555
"../../../SteamProject/Content/StarterContent/Props/SM_DoorFrame.uasset" 556
"../../../SteamProject/Content/StarterContent/Props/SM_GlassWindow.uasset" 557
"../../../SteamProject/Content/StarterContent/Props/SM_PillarFrame.uasset" 558
"../../../SteamProject/Content/StarterContent/Props/SM_PillarFrame300.uasset" 559
"../../../SteamProject/Content/StarterContent/Textures/T_Statue_M.uasset" 560
"../../../SteamProject/Content/StarterContent/Textures/T_Statue_N.uasset" 561
"../../../SteamProject/Content/StarterContent/Props/Materials/M_Statue.uasset" 562
"../../../SteamProject/Content/StarterContent/Props/Materials/M_StatueGlass.uasset" 563
"../../../SteamProject/Content/StarterContent/Props/SM_Statue.uasset" 564
"../../../SteamProject/Content/StarterContent/Textures/T_TableRound_M.uasset" 565
"../../../SteamProject/Content/StarterContent/Textures/T_TableRound_N.uasset" 566
"../../../SteamProject/Content/StarterContent/Props/Materials/M_TableRound.uasset" 567
"../../../SteamProject/Content/StarterContent/Props/SM_TableRound.uasset" 568
"../../../SteamProject/Content/StarterContent/Props/SM_WindowFrame.uasset" 569
"../../../SteamProject/Content/StarterContent/Shapes/Shape_Cube.uasset" 570
"../../../SteamProject/Content/StarterContent/Shapes/Shape_QuadPyramid.uasset" 571
"../../../SteamProject/Content/StarterContent/Shapes/Shape_Sphere.uasset" 572
"../../../SteamProject/Content/StarterContent/Maps/StarterMap.umap" 573
"../../../SteamProject/Content/StarterContent/Maps/Minimal_Default.umap" 574
"../../../SteamProject/Content/Maps/TravelMap.umap" 575
"../../../SteamProject/Content/UI/AllLevels/LoadingScreen.uasset" 576
"../../../SteamProject/Content/UI/MainMenu/HostMenu.uasset" 577
"../../../SteamProject/Content/UI/MainMenu/MainMenu.uasset" 578
"../../../SteamProject/Content/UI/MainMenu/OptionsMenu.uasset" 579
"../../../SteamProject/Content/UI/MainMenu/ServerMenu.uasset" 580
"../../../SteamProject/Content/Blueprints/AllLevels/GameInfoInstance.uasset" 581
"../../../SteamProject/Content/Maps/MainMenu.umap" 582
"../../../SteamProject/Content/Blueprints/Gameplay/GameplayPC.uasset" 583
"../../../SteamProject/Content/Blueprints/Gameplay/GameplayGM.uasset" 584
"../../../SteamProject/Content/Maps/arena_02.umap" 585
"../../../SteamProject/Content/Maps/arena_01.umap" 586
"../../../Engine/Content/BasicShapes/BasicShapeMaterial.uasset" 587
"../../../SteamProject/Content/InfinityBladeWarriors/Character/CompleteCharacters/Textures_Materials/CharM_Standard/T_CharM_Standard_Elite_D.uasset" 588
"../../../SteamProject/Content/InfinityBladeWarriors/Character/CompleteCharacters/Textures_Materials/CharM_Standard/T_CharM_Standard_Mask.uasset" 589
"../../../SteamProject/Content/InfinityBladeWarriors/Character/CompleteCharacters/Textures_Materials/CharM_Standard/T_CharM_Standard_N.uasset" 590
"../../../SteamProject/Content/InfinityBladeWarriors/Character/CompleteCharacters/Textures_Materials/CharM_Standard/M_Char_Standard_Elite.uasset" 591
"../../../SteamProject/Content/InfinityBladeWarriors/Character/CompleteCharacters/Textures_Materials/CharM_Tusk/T_CharM_Horn_D.uasset" 592
"../../../SteamProject/Content/InfinityBladeWarriors/Character/CompleteCharacters/Textures_Materials/CharM_Tusk/M_Char_Horn.uasset" 593
"../../../SteamProject/Content/InfinityBladeWarriors/Character/CompleteCharacters/Textures_Materials/CharM_Tusk/T_CharM_Talon_D.uasset" 594
"../../../SteamProject/Content/InfinityBladeWarriors/Character/CompleteCharacters/Textures_Materials/CharM_Tusk/M_Char_Talon.uasset" 595
"../../../SteamProject/Content/InfinityBladeWarriors/Character/CompleteCharacters/Textures_Materials/CharM_Warrior/T_CharM_Warrior_D.uasset" 596
"../../../SteamProject/Content/InfinityBladeWarriors/Character/CompleteCharacters/Textures_Materials/CharM_Warrior/M_Char_Warrior.uasset" 597
"../../../Engine/Content/Functions/Engine_MaterialFunctions01/Density/ExponentialDensity.uasset" 598
"../../../Engine/Content/Functions/Engine_MaterialFunctions01/Gradient/RadialGradientExponential.uasset" 599
"../../../SteamProject/Content/InfinityBladeWarriors/Maps/LevelContent/Architecture/T_MeterGrid_01_M.uasset" 600
"../../../SteamProject/Content/InfinityBladeWarriors/Maps/LevelContent/Architecture/M_CycWall_01.uasset" 601
"../../../Engine/Content/BasicShapes/Cube.uasset" 602
"../../../Engine/Content/MapTemplates/lut/LUT_Daytime.uasset" 603
"../../../SteamProject/Content/InfinityBladeWarriors/Character/CompleteCharacters/Textures_Materials/CharM_Bladed/M_CharM_Bladed.uasset" 604
"../../../SteamProject/Content/InfinityBladeWarriors/Character/CompleteCharacters/SK_CharM_Bladed.uasset" 605
"../../../SteamProject/Content/InfinityBladeWarriors/Character/CompleteCharacters/Textures_Materials/CharM_Cardboard/Char_M_Cardboard_D.uasset" 606
"../../../SteamProject/Content/InfinityBladeWarriors/Character/CompleteCharacters/Textures_Materials/CharM_Cardboard/Char_M_Cardboard_N.uasset" 607
"../../../SteamProject/Content/InfinityBladeWarriors/Character/CompleteCharacters/Textures_Materials/CharM_Cardboard/Char_M_Cardboard_Skin_Mask.uasset" 608
"../../../SteamProject/Content/InfinityBladeWarriors/Character/CompleteCharacters/Textures_Materials/CharM_Cardboard/M_Char_Cardboard.uasset" 609
"../../../SteamProject/Content/InfinityBladeWarriors/Character/CompleteCharacters/SK_CharM_Cardboard.uasset" 610
"../../../SteamProject/Content/InfinityBladeWarriors/Character/CompleteCharacters/Textures_Materials/CharM_Golden/T_CharM_Golden_D.uasset" 611
"../../../SteamProject/Content/InfinityBladeWarriors/Character/CompleteCharacters/Textures_Materials/CharM_Golden/T_CharM_Golden_Mask.uasset" 612
"../../../SteamProject/Content/InfinityBladeWarriors/Character/CompleteCharacters/Textures_Materials/CharM_Golden/T_CharM_Golden_N.uasset" 613
"../../../SteamProject/Content/InfinityBladeWarriors/Character/CompleteCharacters/Textures_Materials/CharM_Golden/M_Char_Golden.uasset" 614
"../../../SteamProject/Content/InfinityBladeWarriors/Character/CompleteCharacters/SK_CharM_Golden.uasset" 615
"../../../SteamProject/Content/InfinityBladeWarriors/Character/CompleteCharacters/Textures_Materials/CharM_Ragged/T_CharM_Ragged_D.uasset" 616
"../../../SteamProject/Content/InfinityBladeWarriors/Character/CompleteCharacters/Textures_Materials/CharM_Ragged/T_CharM_Ragged_Elite_Mask.uasset" 617
"../../../SteamProject/Content/InfinityBladeWarriors/Character/CompleteCharacters/Textures_Materials/CharM_Ragged/T_CharM_Ragged_N.uasset" 618
"../../../SteamProject/Content/InfinityBladeWarriors/Character/CompleteCharacters/Textures_Materials/CharM_Ragged/M_Char_Ragged.uasset" 619
"../../../SteamProject/Content/InfinityBladeWarriors/Character/CompleteCharacters/SK_CharM_Ragged0.uasset" 620
"../../../SteamProject/Content/InfinityBladeWarriors/Character/CompleteCharacters/Textures_Materials/CharM_Ragged/T_CharM_Ragged_Elite.uasset" 621
"../../../SteamProject/Content/InfinityBladeWarriors/Character/CompleteCharacters/Textures_Materials/CharM_Ragged/M_Char_RaggedElite.uasset" 622
"../../../SteamProject/Content/InfinityBladeWarriors/Character/CompleteCharacters/SK_CharM_RaggedElite.uasset" 623
"../../../Engine/Content/Functions/Engine_MaterialFunctions02/ExampleContent/Textures/LowResBlurredNoise.uasset" 624
"../../../SteamProject/Content/InfinityBladeWarriors/Character/CompleteCharacters/Textures_Materials/CharM_Ram/T_CharM_Ram_B_D.uasset" 625
"../../../SteamProject/Content/InfinityBladeWarriors/Character/CompleteCharacters/Textures_Materials/CharM_Ram/T_CharM_Ram_B_Mask.uasset" 626
"../../../SteamProject/Content/InfinityBladeWarriors/Character/CompleteCharacters/Textures_Materials/CharM_Ram/T_CharM_Ram_N.uasset" 627
"../../../SteamProject/Content/InfinityBladeWarriors/Character/CompleteCharacters/Textures_Materials/CharM_Ram/M_Char_Ram.uasset" 628
"../../../SteamProject/Content/InfinityBladeWarriors/Character/CompleteCharacters/SK_CharM_Ram.uasset" 629
"../../../SteamProject/Content/InfinityBladeWarriors/Character/CompleteCharacters/Textures_Materials/CharM_Shell/T_CharM_Shell_D.uasset" 630
"../../../SteamProject/Content/InfinityBladeWarriors/Character/CompleteCharacters/Textures_Materials/CharM_Shell/T_CharM_Shell_Mask.uasset" 631
"../../../SteamProject/Content/InfinityBladeWarriors/Character/CompleteCharacters/Textures_Materials/CharM_Shell/T_CharM_Shell_N.uasset" 632
"../../../SteamProject/Content/InfinityBladeWarriors/Character/CompleteCharacters/Textures_Materials/CharM_Shell/M_Char_Shell.uasset" 633
"../../../SteamProject/Content/InfinityBladeWarriors/Character/CompleteCharacters/SK_CharM_Shell.uasset" 634
"../../../SteamProject/Content/InfinityBladeWarriors/Character/CompleteCharacters/Textures_Materials/CharM_solid/T_CharM_solid_D.uasset" 635
"../../../SteamProject/Content/InfinityBladeWarriors/Character/CompleteCharacters/Textures_Materials/CharM_solid/T_CharM_solid_Mask.uasset" 636
"../../../SteamProject/Content/InfinityBladeWarriors/Character/CompleteCharacters/Textures_Materials/CharM_solid/T_CharM_solid_N.uasset" 637
"../../../SteamProject/Content/InfinityBladeWarriors/Character/CompleteCharacters/Textures_Materials/CharM_solid/M_Char_Solid.uasset" 638
"../../../SteamProject/Content/InfinityBladeWarriors/Character/CompleteCharacters/SK_CharM_solid.uasset" 639
"../../../SteamProject/Content/InfinityBladeWarriors/Character/CompleteCharacters/Textures_Materials/CharM_Standard/T_CharM_Standard_D.uasset" 640
"../../../SteamProject/Content/InfinityBladeWarriors/Character/CompleteCharacters/Textures_Materials/CharM_Standard/M_Char_Standard.uasset" 641
"../../../SteamProject/Content/InfinityBladeWarriors/Character/CompleteCharacters/SK_CharM_Standard.uasset" 642
"../../../SteamProject/Content/InfinityBladeWarriors/Maps/LevelContent/Architecture/M_1Meter_01.uasset" 643
"../../../SteamProject/Content/InfinityBladeWarriors/Maps/LevelContent/Architecture/SM_1Meter_01.uasset" 644
"../../../SteamProject/Content/InfinityBladeWarriors/Maps/LevelContent/Architecture/M_CycRoom_01.uasset" 645
"../../../SteamProject/Content/InfinityBladeWarriors/Maps/LevelContent/Architecture/SM_CycRoom_01.uasset" 646
"../../../SteamProject/Content/InfinityBladeWarriors/Maps/LevelContent/HDRI/HDRI_Epic_Courtyard_Daylight.uasset" 647
"../../../SteamProject/Content/InfinityBladeWarriors/Maps/Overview.umap" 648
"../../../SteamProject/Content/StarterContent/Blueprints/Assets/FogBrightnessLUT.uasset" 649
"../../../SteamProject/Content/StarterContent/Blueprints/Assets/SunlightColorLUT.uasset" 650
"../../../SteamProject/Content/StarterContent/Blueprints/Assets/M_LightStage_Arrows.uasset" 651
"../../../Engine/Content/MapTemplates/Sky/DaylightAmbientCubemap.uasset" 652
"../../../SteamProject/Content/StarterContent/Blueprints/Assets/M_LightStage_Skybox_Master.uasset" 653
"../../../SteamProject/Content/StarterContent/Blueprints/Assets/M_LightStage_Skybox_Black.uasset" 654
"../../../SteamProject/Content/StarterContent/Blueprints/Assets/M_LightStage_Skybox_HDRI.uasset" 655
"../../../Engine/Content/EditorMaterials/Thumbnails/SkySphereMaterial.uasset" 656
"../../../SteamProject/Content/StarterContent/Blueprints/Assets/Skybox.uasset" 657
"../../../SteamProject/Content/StarterContent/Blueprints/Assets/SM_Arrows.uasset" 658
"../../../SteamProject/Content/StarterContent/HDRI/HDRI_Epic_Courtyard_Daylight.uasset" 659
"../../../SteamProject/Content/StarterContent/Blueprints/BP_LightStudio.uasset" 660
"../../../SteamProject/Content/StarterContent/Materials/M_AssetPlatform.uasset" 661
"../../../Engine/Content/EditorMeshes/ColorCalibrator/M_ChromeBall.uasset" 662
"../../../Engine/Content/EditorMeshes/ColorCalibrator/M_ClearCoat.uasset" 663
"../../../Engine/Content/EditorMeshes/ColorCalibrator/M_ClearCoatBlack.uasset" 664
"../../../Engine/Content/EditorMeshes/ColorCalibrator/M_ColorGrid.uasset" 665
"../../../Engine/Content/EditorMeshes/ColorCalibrator/M_GreyBall.uasset" 666
"../../../Engine/Content/EditorMeshes/ColorCalibrator/SM_ColorCalibrator.uasset" 667
"../../../SteamProject/Content/StarterContent/Architecture/SM_AssetPlatform.uasset" 668
"../../../SteamProject/Content/StarterContent/Maps/Advanced_Lighting.umap" 669
